010110101101110001111011010111110010001110101000101100011111 00000000000000000000000000
000111010011010011001100010001100001011011010101000000101111 00000000000000000000000000
000011010101111111010100111111100111111110101101101101011011 00000000000000000000000000
101100111011101111000100110011111010101010011100101000111111 00000000000000000000000000
111100111100101000100100000011111011101010110111111010110110 00000000000000000000000000
110001011011000110010011000100011010101000101011000000011101 00000000000000000000000000
100100110100001110110000110001011010110101001100110001110101 00000000000000000000000000
001000101010100111010111111101111010010010000110001111000101 00000000000000000000000000
010011001100010000000010110010100111100010011101010111111011 00000000000000000000000000
100111111111000001010010101111101101011111011110011100101111 00000000000000000000000000
001010010111001010000010010000111111101110110000000100011100 00000000000000000000000000
110110000101111011000111101111101010011011111110100100110010 00000000000000000000000000
110110110111011101011110011111110001000111100001101101100111 00000000000000000000000000
101101010010000110011101000001010111111100101110001000001010 00000000000000000000000000
111001110011100001110010011000010001111000101100111101011111 00000000000000000000000000
111001111010110001100111010011011110111011111101011101011010 00000000000000000000000000
010011000010000100110100111001111100111111000000100100110100 00000000000000000000000000
111001100110001110000010110110001110100010101110110011111100 00000000000000000000000000
100101000111100111111111100001001010010011010000011001100000 00000000000000000000000000
100110010001000110001100100111010100101110101100001000110010 00000000000000000000000000
101010001000001100000111100000101000001010110010011110011101 00000000000000000000000000
010101111110100011101010100010111010111100001000000100010010 00000000000000000000000000
110111110001110101101001111110010000111000001011110100011111 00000000000000000000000000
010010110000111011111101011010110001111101010000100000000101 00000000000000000000000000
001010100100000100000000101101100001000010100111010000111000 00000000000000000000000000
010001011010011100010010100110110011110010111010111001100101 00000000000000000000000000
110011101011010110011110101111011000101101010100111111100111 00000000000000000000000000
011111010000111000111100001000001001110011010000110101110110 00000000000000000000000000
101001101001011011100011110100101001000010110011110010110001 00000000000000000000000000
001010100000011110010110011110000000000100111001110010011111 00000000000000000000000000
010111100110010101101100100101001111011011111011101111010101 00000000000000000000000000
111001010101111000000010010011000111111011111101101111011000 00000000000000000000000000
100000011111110000000101001011010100100100001000000100111010 00000000000000000000000000
010010101110110101000010100101011000110010110110110100110101 00000000000000000000000000
110011100010001100110010010101100011100000010001101110111110 00000000000000000000000000
000101010110101000100011011001011000010010101101101001110111 00000000000000000000000000
001010100001001110100101001101011011011010000101010111110010 00000000000000000000000000
011011101010111111110001001000110110110001111010111110100111 00000000000000000000000000
100010011111101000011111010001001001110001010110000010001000 00000000000000000000000000
110011010111100110000000100001100010111001111011111100010101 00000000000000000000000000
011110010010010011100101110001101101110110010010011011001001 00000000000000000000000000
000110111001000110110001000111001011100100011111000011100010 00000000000000000000000000
100010100001001010111010011000011001010100100111011001101011 00000000000000000000000000
010000110110111010010110010110000100100101101100000011000100 00000000000000000000000000
100111011001001000000000001101110010111000011011001101010101 00000000000000000000000000
001000010101001101011000101010100001110010011100011110111110 00000000000000000000000000
111001101100001100001100000110010110101000010111011111011101 00000000000000000000000000
100110000101110011111110111110000110101010111011110011101010 00000000000000000000000000
101110000100101101001010000010100001100011110000011000011110 00000000000000000000000000
011011000111001010101101101100001111110101110001011001000101 00000000000000000000000000
000011110001110000110111100000100000101001101000101111011110 00000000000000000000000000
110111101011011010000101110100111100001000111111110110101001 00000000000000000000000000
010001111010111101001010111001111011101010111000010100011011 00000000000000000000000000
111000011100011000000110100001001111011111001000110100011001 00000000000000000000000000
011110110011000010000100000101000001011101010111100010010110 00000000000000000000000000
011001011001110000100101111000000010101101000100100111110010 00000000000000000000000000
101101101110011110001100010011101101001011100111100010101111 00000000000000000000000000
100000000010100010010001101000011100110010011101100111100010 00000000000000000000000000
100110101011100010101000111000010011100010100000101001000100 00000000000000000000000000
000111000100100011101000010111001011001110111000001100010001 00000000000000000000000000
100111010010100010111010011000000111101110101111001110110100 00000000000000000000000000
110000011100001000101000100100010110100111001101000011001001 00000000000000000000000000
101111011011111110110101000010011010110101001010000100110110 00000000000000000000000000
001110000100000011010010001101001101011000111110110001010010 00000000000000000000000000
111110001011001100000000010011000000000111101000100111010011 00000000000000000000000000
000011110111111001110111100110111000111111100110100100110001 00000000000000000000000000
000101110111101100011101110011000100000000011001010000100000 00000000000000000000000000
001011110100101110011000110001001001011011010001001011001101 00000000000000000000000000
010001101100110111110111100111110101011010001100001011011001 00000000000000000000000000
101011101100110010010000011110101010111000011010100011010010 00000000000000000000000000
100000101101111111011011000110111011010000111001001111101111 00000000000000000000000000
000110111110110100001001110111010001111100100100010010100111 00000000000000000000000000
110001101011100100001000101000100001101010001101101110011110 00000000000000000000000000
101011111100101011110101000001100000101111000011011010111001 00000000000000000000000000
011010110011100100101111100111010000011111111000000010111000 00000000000000000000000000
111001011000010111101001001100001100111111111011111100010100 00000000000000000000000000
010111000110111001010100111000101100011101101111011101000011 00000000000000000000000000
000011100101111100110010011110100110101001011010101110110101 00000000000000000000000000
110011110110110011000001110111111110011001111101110110000101 00000000000000000000000000
010110010000110111000100111101111110011000101010101011010111 00000000000000000000000000
000000000010010110010110001110000111110111001000100110100000 00000000000000000000000000
101000110110100000100110111001110010100100100101001111010100 00000000000000000000000000
111001010110100001111001101001010010100101010000010100100000 00000000000000000000000000
110011110100100110010010011110011001010010111100010011101110 00000000000000000000000000
100100000010101101100010010100111001010111110101000101000101 00000000000000000000000000
000101010000000110001001100011111011011100110000100001001111 00000000000000000000000000
001110111100101111000101010101110011001000111010010101000101 00000000000000000000000000
010101110010111000010100011101011001010000110100101110001110 00000000000000000000000000
011000101010101110110110111000010010011010010000001110001110 00000000000000000000000000
011000011111000011101011101010010111000001100011101110100000 00000000000000000000000000
110011100101110101000111001110010011000010001011101101100000 00000000000000000000000000
101101101111110100110110101010010011110000000000000101010110 00000000000000000000000000
000001010101100011001011001110100011110111100011110000000111 00000000000000000000000000
010011000001000001011001011111110100001010010101100011100110 00000000000000000000000000
001110110001011101010000010110111100100101100110010100110001 00000000000000000000000000
001111001000001011101110001011010111111100100011101110101000 00000000000000000000000000
010001111110100111110001111110001000000111110001010000000011 00000000000000000000000000
110100101001000011101011000001011111100111011001001100111101 00000000000000000000000000
111000011111010100001011110000101100010101100100011111100001 00000000000000000000000000
101100100100011011100100011011100111001010110001001111111000 00000000000000000000000000
001100001000100101000010010010001111001100010111101011010010 00000000000000000000000000
100000110111001010111110110101010101110011111101001110100101 00000000000000000000000000
110000100100101111111011100001110100010111111101111100001101 00000000000000000000000000
011001110011111101001010000010101000110001010101111001101101 00000000000000000000000000
101111101111111110100010101110010101100100111011001111101001 00000000000000000000000000
100101101010001010111110001011100000010001000101001110000100 00000000000000000000000000
000010110110101100110001100100000010111001101000011000011011 00000000000000000000000000
110010011010100100010100001110110111001100101000001111100111 00000000000000000000000000
101001101100000100110000000010011110110001101100011100000110 00000000000000000000000000
101100110010101101111101000101111001110100011011101101000000 00000000000000000000000000
010011011111100101100011100010011011101010110001011111011010 00000000000000000000000000
000010010111110001010100100110100000011001000111010110101010 00000000000000000000000000
010111000101011100001111011101010110110001100100011001111001 00000000000000000000000000
010000101001100110010010101010010000011011011011110110011000 00000000000000000000000000
100110000100101010010110101001111110011001010101000011011100 00000000000000000000000000
110111010111001001000000010000100111111001110010000001010001 00000000000000000000000000
111111100101100100100011001111101101000101011000100100110001 00000000000000000000000000
000110001011110100111001001100000101111101000110000111101011 00000000000000000000000000
000010001001100011010011101100011100111111111111001100001011 00000000000000000000000000
101011010100101100011000110010011101100001010000111001010110 00000000000000000000000000
000100111100111110110010001101001001011011000000101101010000 00000000000000000000000000
000001011100101111001100100110111010110010101000000101010001 00000000000000000000000000
110100111100011101101000001011111000010010010110111111100000 00000000000000000000000000
001001011011101100001111001101100011010010001100100101001010 00000000000000000000000000
011010101011010100001011100100101011001000011110110111110100 00000000000000000000000000
101100011000011001000110000000101010100000011000110100011011 00000000000000000000000000
110000110101100111100100101011011001011101010111010010111101 00000000000000000000000000
000110101011101011000011000011100101010100100000100010110000 00000000000000000000000000
011011011011000100101000000111110010010101101100010101001111 00000000000000000000000000
011110100011110000101101110000011101001101000010001000110001 00000000000000000000000000
000111000011111100001001100101001101010111001101011100110010 00000000000000000000000000
111111100010111010011010011011111110110111001110101101100100 00000000000000000000000000
001110001000011101101101001100111011110101000101110110010010 00000000000000000000000000
101110000110010010010001011100001110000010010100001010011100 00000000000000000000000000
000101110001111101000111011000011000001001100111011110000000 00000000000000000000000000
000110101110010101001001111110010010111000011001010010111100 00000000000000000000000000
110010111010011100101101000111000100111100100000111011011111 00000000000000000000000000
001110110101011000110001101100001000100010100101100001100100 00000000000000000000000000
011101011001101010110011110100001101101110010010101111100101 00000000000000000000000000
100100111100110001010011101010111111001000101101011010110110 00000000000000000000000000
001100111010000000000111110001010101001000011001100101110011 00000000000000000000000000
110011001100010100110010100001001111111110110010000011100111 00000000000000000000000000
101111111100100001000011010011100100111000000001011011100111 00000000000000000000000000
100101111101110101100010000001000101001111100100011100101111 00000000000000000000000000
100110000000110011101011000000010000110101010010000111101101 00000000000000000000000000
101000010110011101110101111111011010000010001010111110001011 00000000000000000000000000
100101100011010010111000111110011001000011011100111100010100 00000000000000000000000000
001110101110111011101101000001000101010111101110111001100000 00000000000000000000000000
110101100100111000111000111101011111000100110000110010110011 00000000000000000000000000
011100101010111110001110000111000110011111000001000111010011 00000000000000000000000000
111011110010010111011111011100101100010101110000110101111000 00000000000000000000000000
110111111011111001100111110111101010110110011000110010001000 00000000000000000000000000
001100000010101000001110111001100101001011000011011001000011 00000000000000000000000000
011000100111010001111111010101101001000111101111100001011010 00000000000000000000000000
000111001111011110101000001001011001011001111100000001011010 00000000000000000000000000
111111101001000111100000100011010010100101011100100101001001 00000000000000000000000000
110001000111000111001100000001101001011000110110011001001000 00000000000000000000000000
000101000001111110001100101111111001010110100001001001100011 00000000000000000000000000
110111111100011001010101111111110011111000110110111011101100 00000000000000000000000000
000001000011000010110111000101011000000011110000101110101010 00000000000000000000000000
101101000011011110000001111101101010111000111001010110010000 00000000000000000000000000
110100100001110101010100011010111001100110001100001100001011 00000000000000000000000000
010011001001010010000011001001100011110111011000000111010000 00000000000000000000000000
111110111000110000111100110100101011111011111001010001011000 00000000000000000000000000
000010001111110011010110100001010101110010101010100111000111 00000000000000000000000000
001110001110111111111111110111100011000111010000101010010010 00000000000000000000000000
000001001001010011101011100001010010101100001111000010100101 00000000000000000000000000
100110000001000000001010001000001000101010100010111010101011 00000000000000000000000000
111000110110110011100010101010001011001100111111100011110011 00000000000000000000000000
000001100110111111101111100000100111101101110111000001111000 00000000000000000000000000
011110001001110001110010010010000100001111001100101110010010 00000000000000000000000000
110111011101111000001110001100110010111110001110001111101111 00000000000000000000000000
011011101001101101001101000110101110101011100110111010110110 00000000000000000000000000
100101010101111111001010001000101111111111011011100001000011 00000000000000000000000000
001001011101110110000010111111001000011000101011011010110011 00000000000000000000000000
000100011110000100111111110000000001100111110011100010011101 00000000000000000000000000
101110100110110100011000000001111110111001010001111011100101 00000000000000000000000000
101000110100000111100001000001111001101111000010101000100010 00000000000000000000000000
111101001001011011111010111101111101110111010000111001111101 00000000000000000000000000
000101110100111110101111111001100000111010000001000010000110 00000000000000000000000000
101111101110001001010001110100100111010111010100100011100001 00000000000000000000000000
101010000010001000100001100111101001101111101101100000110011 00000000000000000000000000
100110001100000011011011011001000111110010100100101001001011 00000000000000000000000000
001111011000110111001010111101001001100011110010111110100111 00000000000000000000000000
000010101010111010110001100110111110111010111101010000110010 00000000000000000000000000
001001010100011101011111111001010010110100110101110000000010 00000000000000000000000000
111001010011110111101110000011001001111001001010011101101010 00000000000000000000000000
101110000010010100001100011010111100011000100010010010100010 00000000000000000000000000
101100100001111111101010101110000000010101011110111010011110 00000000000000000000000000
011011101011001100011111000001000011111111011111111110001001 00000000000000000000000000
110011010000110101001010011101110100000100101110100000111011 00000000000000000000000000
001111000011111001101110001110101010011000011110011010111101 00000000000000000000000000
011101011101000110001110001110000010110010110111010111110110 00000000000000000000000000
100001111100101101101010110101101101111010100100010110011010 00000000000000000000000000
011110100111100110000110110101000000010110110100011000100110 00000000000000000000000000
000101110010001110011100010010100011110011000101001110000001 00000000000000000000000000
001001110000000001001101001010110001100010011110000011100101 00000000000000000000000000
110001111100000000010110100100010110000000110101100001010000 00000000000000000000000000
110100111100111010001011011000111000001100111100101110010110 00000000000000000000000000
011110110110000101000111000001100010111010111110111110000011 00000000000000000000000000
001111100100010111001101101010111110000111110010001111110001 00000000000000000000000000
111010111101001100000100111001011100011010100000101001000100 00000000000000000000000000
100001110111100010000011111010101011110100101100011110011001 00000000000000000000000000
101001110011011110011101011000110110010101110001111110111010 00000000000000000000000000
011001100101010101110001111001010010111001101101011101111000 00000000000000000000000000
111011010010101000011100110110110111000100101111110100000011 00000000000000000000000000
111101111000010111100101001001000011110110100111001100110110 00000000000000000000000000
000100011011001011000010010001010100000011110101001101101001 00000000000000000000000000
011011100001100101101110110001001101111100001101010010000110 00000000000000000000000000
110010000100000100000001010001011001101000100001101100111100 00000000000000000000000000
000011110110111011100101110100011111010000101110100100100100 00000000000000000000000000
000000101110010110110010101001011111100000001101100001101001 00000000000000000000000000
110101110001010000100101000111101001001001000101100010001100 00000000000000000000000000
011111111000010101011101111101111100100111110010100110010000 00000000000000000000000000
001110010000111011001000111110111101010010011010011100011011 00000000000000000000000000
011000101110100111111110110101001110100010111101100110010000 00000000000000000000000000
011100100000100010010110110110101010110001011001100000111111 00000000000000000000000000
011011111111111000100011000101101010000111101010010111000100 00000000000000000000000000
110001100101010010001111001111101001011010011001101010100110 00000000000000000000000000
100011110111111101010101010111100101001100111110111101111100 00000000000000000000000000
111111100000011011100011000010100000000000010001111111100110 00000000000000000000000000
001001011110011001010010101010000101111100100110010101011101 00000000000000000000000000
101010011000011101011001111101101011000001111101101010111000 00000000000000000000000000
010100110001100011000110001111011011100001111010001110101011 00000000000000000000000000
000110100001110000100110000110110101101000111000110100011010 00000000000000000000000000
100101101001101101111011011000110110100011001111101000010100 00000000000000000000000000
100111001011011111000001000101111111110101001000110111001111 00000000000000000000000000
011010100011101101110010110111100000000100000000010011111100 00000000000000000000000000
110011001000101101101111000001000000111101011100101010001000 00000000000000000000000000
100011010110110000100010111001100100011100000011001100110000 00000000000000000000000000
010110101110010001110001101111101110000100000100011100011100 00000000000000000000000000
100010111011001110101110001110000111101001011001000001001101 00000000000000000000000000
000011101110110111001001010010110110111000100010110001000011 00000000000000000000000000
000100111000100101011001000011001110111010010111010100101110 00000000000000000000000000
011001010000101011100110001000100010110000001000111011010010 00000000000000000000000000
101110100011011101010110101111100010110110001110101101110111 00000000000000000000000000
101011000100100100111111011100001001100010101011100000001011 00000000000000000000000000
000010011010111011000100110010001000111011000111010001010111 00000000000000000000000000
000100010111000101001111001001001001101100110100111001100010 00000000000000000000000000
101000001111010000111110011000101111110110011101011100000110 00000000000000000000000000
010101101110100010111110111100000100111000110001001010011110 00000000000000000000000000
011101110001101101100001010011001011111001010110110001111011 00000000000000000000000000
001011010111101101000101000010110100001101011111111100010101 00000000000000000000000000
111011010110011011110111001011001000010001011011110011011101 00000000000000000000000000
011110110010100001001010010000111101001001001111010101010011 00000000000000000000000000
100001000101011000010010111010101011000000100001100111011111 00000000000000000000000000
010001000000100011100100101111000001001010001100100000010010 00000000000000000000000000
110011111100001100100000100001001100010111011000100010101000 00000000000000000000000000
100101001000110111011010101101000110010100000100001010101000 00000000000000000000000000
101001000101011000000111000001101010110011110101101000111000 00000000000000000000000000
110111111010110010111110011110111011010010110101000011001000 00000000000000000000000000
000000111011001001010011010100000101100000001111110101101101 00000000000000000000000000
100110000110111101000110101011000001110010101010101010010010 00000000000000000000000000
101101101000011001101011001101111110100001001000100100110000 00000000000000000000000000
101100111011100011101001001001000010111011010001110010011110 00000000000000000000000000
100000110101000100000011101010011101011001010001111101111000 00000000000000000000000000
110010110100100111100100010100010011111101000001110100000010 00000000000000000000000000
100101000011001000101010000100011001110010010000010010000101 00000000000000000000000000
000101100100101111011111000010110000100111110111111110010010 00000000000000000000000000
011110100000101110110001111010000010111101011111010111110010 00000000000000000000000000
101001010111010010101011100110100100010101011110110110101000 00000000000000000000000000
001010111000011101010111100111111100100101100100000100011100 00000000000000000000000000
001010010111001101100010000101111111101010101111110110000111 00000000000000000000000000
010011011110001000110010011100010011110010101101000010110001 00000000000000000000000000
100110100011010101101010000000111110001011110011111110101001 00000000000000000000000000
101000101101001101010000100001001001100000000111001100110101 00000000000000000000000000
101000011101110000010101111011000111011110101110011001000101 00000000000000000000000000
100001011000001000100010111010010001000101111000110110010100 00000000000000000000000000
101011011000101111000000101101100101001010110010011101111111 00000000000000000000000000
101000101111100011001111011010011010110000111010001110100011 00000000000000000000000000
110110101011111001101001110101100000011100110100001011000001 00000000000000000000000000
111010001010110101011100001101001011001001110101000000101000 00000000000000000000000000
100110000110001000011011100010110000001010001011010100011100 00000000000000000000000000
111011010100010111111111001111101101011011010110101001101000 00000000000000000000000000
000011110001011100110100011101001100000101000001011101101001 00000000000000000000000000
101110110001110010001111110010111110010111010010001001010100 00000000000000000000000000
100001100111001101011011101111110100010110110011100100100010 00000000000000000000000000
011001111100000001100011001110101110000101001000000000011101 00000000000000000000000000
001110011111001100011011101011111110000110110011110100110010 00000000000000000000000000
111101001100010000001010101111100101010000100110010100110101 00000000000000000000000000
000101100111001001100001000111100000101000101110010111001111 00000000000000000000000000
000100101001100111111010100110000111010100010000000101001011 00000000000000000000000000
101010101111011100101101101111000100010010001010001101111110 00000000000000000000000000
110111111000000000010111101010110101100000101010011110000010 00000000000000000000000000
001000110010111110110000011110000100000010111100111000011100 00000000000000000000000000
011011110110111001001000011010111000001011110000010011001100 00000000000000000000000000
100001011000110110001100011000000111000100000000100011100011 00000000000000000000000000
111110100101001111111111110111001001011111000010101101110010 00000000000000000000000000
000001110110100001111010001001011110100001010000110111101100 00000000000000000000000000
111100101001001001000000010110000111011111101100011101101000 00000000000000000000000000
101101000100000011001011110010100110001110100001010111111100 00000000000000000000000000
101010110010011111101101111001101011100110001111101101111000 00000000000000000000000000
111110000101111001100110100000100000001101111100000011110101 00000000000000000000000000
111001000100110000001110100110010010001111100011000111000100 00000000000000000000000000
101011011101000101010011000010011010011110001111000110110101 00000000000000000000000000
100011111111101011000111100111110101110101000011111011101001 00000000000000000000000000
111101001110101100100001100100001100110100100101110011011000 00000000000000000000000000
010010001110110000100000101010100101001111010111011000010000 00000000000000000000000000
010010111111010100000010011010101110000101111111010011111001 00000000000000000000000000
101010111110101000010010000011101111011000011000101001011111 00000000000000000000000000
010111110001101111101100011001101100100000101110011000000000 00000000000000000000000000
001000010111111010100100111101000100011101011100000011100000 00000000000000000000000000
101000001100101000100011100001100000111001000010101001101000 00000000000000000000000000
001010001010000000000001100101111110110101101000010111101110 00000000000000000000000000
011110010000001011001111011001011010010100101100110010101100 00000000000000000000000000
110111001011011100011000110011100111110011101000101011101010 00000000000000000000000000
101101110010011101110110111110101101011111110110110100011100 00000000000000000000000000
100100100000000111000000000111010101011000010101001100110011 00000000000000000000000000
010101001011010011011000001010000110010001101010010111111101 00000000000000000000000000
001011101001101111010100000000010110111011100101011100111101 00000000000000000000000000
100000111000011010000110100000001111001111001000110100001011 00000000000000000000000000
110011010011101100111000101010010011100101101110110101010111 00000000000000000000000000
110100101110111101000011110100100000010010000100000100000111 00000000000000000000000000
011010101101000000110001010110011010000000001011000101111100 00000000000000000000000000
111011101110011110100001010111000110001001011111011111001100 00000000000000000000000000
101110001100111010111001001101010111110110100011100110111111 00000000000000000000000000
111110011001110101001000110001011101110100100111100010101111 00000000000000000000000000
100101010011111010101000011111110000110011111010110111011010 00000000000000000000000000
101100101111100010111111011110011100001100011101100110001100 00000000000000000000000000
001100101101101000110000010000001001100010101111111110001000 00000000000000000000000000
111111010111110100111011111000001111100110011111100010000101 00000000000000000000000000
011011100010000101011100001001101110101110001011101101001100 00000000000000000000000000
111010100000100000110110011001011100111000110111111000111011 00000000000000000000000000
011110000010001001101000001011011010001001101011011000010010 00000000000000000000000000
011111101100010000111111100010011001001110101000001011000111 00000000000000000000000000
100111011011011010100111010100010111011100011001110101111101 00000000000000000000000000
101110100011100010000010000101100100010101010101000011100101 00000000000000000000000000
001011000111000111111101110010100010101010000010100110110111 00000000000000000000000000
001111011100000101100000101101100101010100110001100001011011 00000000000000000000000000
000011110001100000000001010101100001101100110101001110011100 00000000000000000000000000
110111111010100100000001000011001101110001110110101001110011 00000000000000000000000000
100100010000010001111101010000001011100000111100000010100010 00000000000000000000000000
111001001100011110010011010001101010111001001000000000000010 00000000000000000000000000
000101011101110010101011000011111010000111100110011110101100 00000000000000000000000000
101101001001111011010010000101000110101100000011101001101000 00000000000000000000000000
000000100111100001101111000010111010110100100100101010001010 00000000000000000000000000
101111100001011011110010110000001010100001111100111101111010 00000000000000000000000000
000111000111010100010011000100001000111100110111010101000100 00000000000000000000000000
101000100001110010101010110000001011100110010111101100100101 00000000000000000000000000
011101110101000001110100000001000000100100101101101100000110 00000000000000000000000000
001100010010101000000001001011101011001001110001011111010000 00000000000000000000000000
110110101011001010111110100100000101010101001010000010100101 00000000000000000000000000
001011011001110101011111100110001000000011111101010000100100 00000000000000000000000000
010101010011000101111010010111100010101101011100111011000010 00000000000000000000000000
100010100100011100000101101111010011000010101100000001011010 00000000000000000000000000
111101010100100110000100001001100111000010010100110101010010 00000000000000000000000000
111000111101010001110111111111000101010111010110010101110111 00000000000000000000000000
010100010100011001110111111100111000001110111100100110110010 00000000000000000000000000
100100111111111101001111011010100111011110110011001111100001 00000000000000000000000000
000110100011100110010111011010000100010000011110111111100111 00000000000000000000000000
010010010100100001111111001000000111011001100010000111100000 00000000000000000000000000
101100101100101100001000110101010110110101011110010101011110 00000000000000000000000000
010011101100001101101011001011010000010101111110110010000100 00000000000000000000000000
001110011100001010001011110010001000000010000100001010001011 00000000000000000000000000
111110100100000100011100100111101011111010001110011111100001 00000000000000000000000000
111101011000000000000011100111010001011111100000101000001001 00000000000000000000000000
010110011011001011110011110100001111101110011100111000100100 00000000000000000000000000
011101111011010010000010101101001101011000111110001000111110 00000000000000000000000000
110001101110101101011110010101110001000011010011110110110110 00000000000000000000000000
010101111110101100100111101111001110010100000001111100100110 00000000000000000000000000
100110101110110000111001100011010101110111111001011000010000 00000000000000000000000000
000010010010011011001111111001000100110111101101001011010110 00000000000000000000000000
101010111101100010000100000101000010001010110100000101010010 00000000000000000000000000
011010100000001000000110010001101010000101101111101111001111 00000000000000000000000000
001110010011101111010011110001110101101010110100001110100111 00000000000000000000000000
110101001101000110001110001100111000110111011001101001110010 00000000000000000000000000
101000001110011010100111110111100111101010101011000101011100 00000000000000000000000000
111111001101001100111111101011101010100101001100010001000101 00000000000000000000000000
011001110000110111010101101111001001001000101010101110000001 00000000000000000000000000
100011011111101001001011000000001010011111000011111101001110 00000000000000000000000000
101011010011000001111111000011100011111000000000100110000001 00000000000000000000000000
011001000101011010111001011010000010111011101101000111010000 00000000000000000000000000
000000111011011100001100100010011101111110100010101011101100 00000000000000000000000000
110010010111000011111011110100000010101111101111000000011011 00000000000000000000000000
110111001011100001101010010111110100110110001111010010111111 00000000000000000000000000
110011001010100001000110100101000101100010001111100011000011 00000000000000000000000000
001101100101010100110100100110111010000100010100110011001111 00000000000000000000000000
000110100111000011111010100100000100110011001010000110110100 00000000000000000000000000
111001001100001110010100111010111011101110111010100100010101 00000000000000000000000000
110000000010010001010011110100100010000100111111100001110111 00000000000000000000000000
001101011101111011101001001001011000100010010011110001001101 00000000000000000000000000
111011100110011011010110010011000111110101011101000101111010 00000000000000000000000000
001100110111010010111101100010110111000010101101100001000011 00000000000000000000000000
001111111110011000101011111010001001110010111100110011010100 00000000000000000000000000
001100001101001011001111111111011110110111111000011001110011 00000000000000000000000000
011110010111001011110110010101001010000011101001001010110000 00000000000000000000000000
110110010000010101101010110110110101001011011111000000011111 00000000000000000000000000
100001111111000100110011001010111110001011100010011110110010 00000000000000000000000000
101100011110111101010111001111110000001101011111110111110101 00000000000000000000000000
001101110111101000110001001010010111011100001111010011011101 00000000000000000000000000
101010101010100000101010000001111010111011001101100110111011 00000000000000000000000000
111101010100010101100011110000100010011011010111010100011100 00000000000000000000000000
000000001011010110101111101111101100011010100111100101111001 00000000000000000000000000
001100001101011101100100111000000001001001110101100100110100 00000000000000000000000000
000110011111010111101010101100101010111001111110110110101111 00000000000000000000000000
110011001001001001010101011101100100111000110110000000000100 00000000000000000000000000
010101001101001110001001011001111010010110110010110011100101 00000000000000000000000000
100010111101101000011010010001100011001010110010000011011110 00000000000000000000000000
010110000000011001110111100110101011001001001010001001111000 00000000000000000000000000
001000100010001000010010110001101100100010010101010010110000 00000000000000000000000000
110111101000110111110101001001001100000011101110010100100010 00000000000000000000000000
111011111100110000111100011000110101011011011100011010010000 00000000000000000000000000
100111100100111001011010100101010100000011110011101110100010 00000000000000000000000000
000011011001011101101010011101001001100111101010100000111011 00000000000000000000000000
110100001110101100111100100111111101110111000111101000100110 00000000000000000000000000
011000000011011010101111110101001111010011111000101111100101 00000000000000000000000000
101001000011001011111101010110001010111110100100011000011011 00000000000000000000000000
011000000111010100110101101100010011001001000101010010000001 00000000000000000000000000
100001110000111101101110001101000000010011010011100011100011 00000000000000000000000000
101101011111000101101101110001100111100000110011101100111100 00000000000000000000000000
110100000101100011110101110111100101111000011000010110000101 00000000000000000000000000
010110011000100110010011110100110001011001111110110111001001 00000000000000000000000000
101101111001111100011101010101111110001101101001001010101000 00000000000000000000000000
100011001000010101101001000001111101010110110011101100111001 00000000000000000000000000
101111110110011100011010010110110000010111110110010110101001 00000000000000000000000000
110001001000100011100000100000110010111000010000000010000111 00000000000000000000000000
000011101101111100101110001110010001010101000010001100110100 00000000000000000000000000
100010010011101001000000000110101100000001000000111111001011 00000000000000000000000000
111001110001001000001010111101010011010010110111101101100100 00000000000000000000000000
010011101010000100000011110001100110111010111111101001000011 00000000000000000000000000
001001100010010101101111010101000011111011000001110111111101 00000000000000000000000000
110111100110011001001011101000011010000101001110111100001101 00000000000000000000000000
011101100000000000010110010011110101101101100000110111110110 00000000000000000000000000
010110001011010001111100000110101101011111101011101011101111 00000000000000000000000000
110101110010000101100010000001000011100010000001001101111010 00000000000000000000000000
010100001100101011100110010010011100110010111010010010101101 00000000000000000000000000
110101011001110010000111101100000100100010101011000111010000 00000000000000000000000000
001001110111010001111101110110001111001001000001000101110111 00000000000000000000000000
011000001110000101010100010111010001100111110000001000100110 00000000000000000000000000
100010110001000000001011100000011001000001001000110101110110 00000000000000000000000000
100100011001000011010100110100001001101011010011100011110101 00000000000000000000000000
000110101100110110110000111010010111110101010010101001101010 00000000000000000000000000
110100101010101110101110101010101100101101111100011110001100 00000000000000000000000000
110111011101010100000101000010010111010101110101010110001001 00000000000000000000000000
100000011100001110001110100111001110111000010000010100000111 00000000000000000000000000
000011110011100111010110101110001100011101010111001110100000 00000000000000000000000000
110001111101111011110101100010010010011110101101100111110011 00000000000000000000000000
010000100101101110000100001100110000011100000011010101111011 00000000000000000000000000
101101010001011001010101101010001101000101100010001110001010 00000000000000000000000000
101011000100011101001010001111001111111100111100000100010000 00000000000000000000000000
110010101110111100110001110111100001010011100101110001110111 00000000000000000000000000
111110101111111001011000111010100100101100011100100110101101 00000000000000000000000000
001010001101001101000011010001001001000100100001001010000010 00000000000000000000000000
010110101101011001010101001000000001100011011001010000011010 00000000000000000000000000
001011010101001100101010101001100011000000001000001000100111 00000000000000000000000000
001101000110011011001100000110000010001010000101111100110000 00000000000000000000000000
010111011101000000011010101010001001001001111110000001010100 00000000000000000000000000
000110011111110110111111111111000011101100010101100000010010 00000000000000000000000000
010001000111001010110001110110100101111001111011010100011111 00000000000000000000000000
101000111100011001111100011000101101001011101000011010001000 00000000000000000000000000
000011101101111000110111010110000010100101010101010011011001 00000000000000000000000000
010111011101001001101010111100011000111100100001100001001011 00000000000000000000000000
010101010000000101000000111101001001101100110100100111011101 00000000000000000000000000
000010111000001001110100101000011010001110100111000101011110 00000000000000000000000000
011110000100010101011111010010110010011111110111001010100011 00000000000000000000000000
101000001110010101111011011001011110101001110000111101110110 00000000000000000000000000
001011000110011010111110001110111110101110100011111000010101 00000000000000000000000000
001010001100011100010100110010100100101101110101011011111110 00000000000000000000000000
111001000111110101100011100110111011000001111110101100100110 00000000000000000000000000
111101101100111111101000011111110000000101011000101100011101 00000000000000000000000000
000111011111011110000001000011101100011000011101010010000000 00000000000000000000000000
111111101101100101100110110110011101101011010010000011001000 00000000000000000000000000
000001111001001110111000001110000011100111100011010011011011 00000000000000000000000000
011110011111001001010110000001101010000011111101011100000000 00000000000000000000000000
011101001010000111100000001110011110010000000100010001111100 00000000000000000000000000
100100111010001000100110011000111110001011010000011010000000 00000000000000000000000000
110011010011101001011110000001110100100010010111100010000101 00000000000000000000000000
011111010010111010100000111110100011001100100001100011100000 00000000000000000000000000
010001011100010101111100110101000011000001110011101001110010 00000000000000000000000000
111011100001110011100010100001110110010110000001000101100100 00000000000000000000000000
100010011110011000010000011011110111111110011110101011111001 00000000000000000000000000
010011101000101111111000010110010001010100111101000001100101 00000000000000000000000000
001011001111011100100101110110011001111110111011100001011000 00000000000000000000000000
110000100111000010000011010111101111011001101001001111010101 00000000000000000000000000
000011100101101000101110001010010100100011111111110011111001 00000000000000000000000000
010111101001100010011010000011101010111011100011011101000101 00000000000000000000000000
000000011100101000100100010001111011001100100101101110010111 00000000000000000000000000
011011011010010000110111000010111101000101010011011101001110 00000000000000000000000000
010100101000101001110110001110100000010010011000100111011101 00000000000000000000000000
001001111110001011001011100010101111100000001000010010110110 00000000000000000000000000
011110000101011110010001110010010100010110011011111101100001 00000000000000000000000000
001100110001001011101011101001010111010010001000101000001000 00000000000000000000000000
010011011000100101101011100101100011001101000011110001011000 00000000000000000000000000
101000000101101111100110100011100011010100110111000100010000 00000000000000000000000000
011010101110010101100100001111111000000000001011000100101110 00000000000000000000000000
110010100100011011000010111001000001110110010001100101100101 00000000000000000000000000
011001011111001001101010110001110001011001101000100000100101 00000000000000000000000000
110000111110000000101111001001111011010000010111101100001011 00000000000000000000000000
111111100001010100000010111011010000100100101110100000110100 00000000000000000000000000
010111101101011011011100110000010011100001001101110000100100 00000000000000000000000000
010011011100000101010101010001110110101111110110001100001010 00000000000000000000000000
111001001010000000011011010001000001111111000101111000010011 00000000000000000000000000
101010100110000111001111011010111110011001011010111110010000 00000000000000000000000000
111011110011111100100011101001011000111001001110000010010111 00000000000000000000000000
111010010010000101100011000100011011000010110100101101111001 00000000000000000000000000
011011101110001100011110101011001001111010101111010110001110 00000000000000000000000000
110010000111011111110011010101000010111011110111101100111100 00000000000000000000000000
001110011110110010000101010111001101100101010101101111111111 00000000000000000000000000
000010111111101111000000010111101101101000010001110010001000 00000000000000000000000000
010001101111111011011011101001101000000010010100110010000111 00000000000000000000000000
111100101011011001100110111111011001110010001100100010101011 00000000000000000000000000
000100111001011010110111001111001000100000010101110010111111 00000000000000000000000000
111001111100100110111101010111001110101110110010000000100000 00000000000000000000000000
100100111110110011100101000010000101011100101000111010110001 00000000000000000000000000
010101010101100101001100100000110001110000001111010111000000 00000000000000000000000000
100111010001101011000011110100001010000010111010101000000111 00000000000000000000000000
001111010000011101001110010110111100100110111110000101011010 00000000000000000000000000
101010001100100110110011010001110111100111101001010100000110 00000000000000000000000000
000011011101010010100010101110000010101101101111101111000010 00000000000000000000000000
010100110010011101001001101001010100100000111101010010110011 00000000000000000000000000
110011101010001010011010011111111000110111100111111001000000 00000000000000000000000000
111110111011100001111101000110110100110111110010010110101110 00000000000000000000000000
011111011011100000011001111010010011010111010111100100000101 00000000000000000000000000
001000011001010100000001101001010000000010110000011101000001 00000000000000000000000000
110110011000101100011010110011110011101001000000000001001011 00000000000000000000000000
100000110011001001100011010101101010000010100100001100000001 00000000000000000000000000
110111010001100110001010010101100000100010000010100001011110 00000000000000000000000000
001111010011111011000110111101111111010011111111100111111100 00000000000000000000000000
001011100000100101010000001100000010110111011000011000101101 00000000000000000000000000
100101000001101111111101110100001110000100111010001110011100 00000000000000000000000000
110100010101001110010010001011011101010001101000100101111110 00000000000000000000000000
001000101000100111101000100111100100011010010100001001100101 00000000000000000000000000
101010000101101011100001000010100100110010110100111101101111 00000000000000000000000000
110011011010010100010111010001001000101000100100000110001101 00000000000000000000000000
000110010011110110100010000011000001000100100111101011001101 00000000000000000000000000
001000010101111111110111001001101110101010011010100111100000 00000000000000000000000000
001111111000000011110101110000100000010100011101000000010000 00000000000000000000000000
110000000101111101001011101111011011100010110100001001010010 00000000000000000000000000
011100101100001010100101011110111000110010111101111000111000 00000000000000000000000000
100100100111001001111010110011111101010011010110110100111111 00000000000000000000000000
000000100001111001100110001101110010110111110011101100001001 00000000000000000000000000
001000110001011010011110011101101110001011011101011000010110 00000000000000000000000000
111100101100110010010110100101010111011100011000100110010110 00000000000000000000000000
100110001010000010110100110001111011001011111101110000100101 00000000000000000000000000
111011000111101111010001111010100111110111001101101011110111 00000000000000000000000000
110111100111100110111010101001110011101101101011000111000001 00000000000000000000000000
100000100111011111000101111010110111111001011110011111000100 00000000000000000000000000
011010011100101000110001000000100010011011010010111101100010 00000000000000000000000000
001100110010001101111111101101010111000010100010011100001010 00000000000000000000000000
110011110101110100101110010100000101011100101111110111011011 00000000000000000000000000
100110101010001010010010110101110101011100011110010111110101 00000000000000000000000000
100111111111100110101001010110011010000110110000001011110100 00000000000000000000000000
001110011010110111101001100000101000100010101100001010110011 00000000000000000000000000
001110001001001010100011110110101000101010100100010000011010 00000000000000000000000000
101011101111111110111011010100000111100001010110111100100001 00000000000000000000000000
011010001011011111110000101000110101010011000110101110000001 00000000000000000000000000
101101000000000100111010101100110010001100110001011101011110 00000000000000000000000000
100011101110111011101101000101000010000100011111111001110001 00000000000000000000000000
111000001011101010111110111110001001011001011101110110001101 00000000000000000000000000
110111100110110100000101000001110110101110001010101100100000 00000000000000000000000000
100001010001010001110010010101001101010111110111101111101001 00000000000000000000000000
101011101010100001010100000100111001001101100110111010000111 00000000000000000000000000
011111010010111001001010010110101000010010111010000100110111 00000000000000000000000000
001110011111110110101010001001010001011101000110010111100101 00000000000000000000000000
000101000001110101001000010001011000111000011011100000110011 00000000000000000000000000
100101001110011111011100111001111110111111110100111111111111 00000000000000000000000000
101100110111001100111100101111001011111110111011010000100110 00000000000000000000000000
001101010011001111000000100010010010110101100100000011111011 00000000000000000000000000
100100001010010110111001000010101001001001011100100101010111 00000000000000000000000000
100010011000001110010011010001000100111110110000010100001100 00000000000000000000000000
111001001110001000110000010001100000000100100111010011000111 00000000000000000000000000
001110110010010101010010001110101110100111000010010101010101 00000000000000000000000000
011100001011111101011000011011011110010010100100010101100111 00000000000000000000000000
111010101001010010110110011100000111001101011000100111101010 00000000000000000000000000
100101101100110000100010011101110010111101011001111011110111 00000000000000000000000000
011011100000000010100110010101100011110010001100101001010010 00000000000000000000000000
001011010110001111110110010001101110001001001110110001111100 00000000000000000000000000
011000101111011111010011001101101011100110010011110000001101 00000000000000000000000000
000111110001011011011101100011001000010010001001100010011100 00000000000000000000000000
001001101111111110010110100100100101000111011100110001100110 00000000000000000000000000
011100010101111010101110111001010001010101100001000111010111 00000000000000000000000000
001101010001100000101100100001001110010101101101000111010010 00000000000000000000000000
110110010111010100111000111111011100110001101100001100001010 00000000000000000000000000
111000101100101000000101101100100111100110001101100000101011 00000000000000000000000000
110101100101000110111110000110101100110110011010100100000111 00000000000000000000000000
100110001010100011110110110000000000001011100110101100000111 00000000000000000000000000
101001110101010111100010101011101001001011101110100110010011 00000000000000000000000000
100011011100100100110010100001010001101101000110110000110110 00000000000000000000000000
000100001000000010110010001011101110001011011101010010001000 00000000000000000000000000
111111101000000000100000110010000001101111010111111100110111 00000000000000000000000000
000000100111101010110100101000100110011100111010001000001101 00000000000000000000000000
010011100011100000111101001100101111101000111001010010011010 00000000000000000000000000
001000101001101000110001101101101100101000000001100110100011 00000000000000000000000000
111100000011001011100001011101001000101010111100111101000001 00000000000000000000000000
011101010100011111001111100011110110110010010111101101010101 00000000000000000000000000
010110101011011111001011001011101010011010101101011101100010 00000000000000000000000000
111010000101000100000000010110111011101100101001100110100010 00000000000000000000000000
011000101111011011000110011011000101001101111110100110011101 00000000000000000000000000
101100101101111001011111001001111111100100010011100100000111 00000000000000000000000000
000001000010100100101111010111010110001100001000110011011010 00000000000000000000000000
001011101010110000001000010111111001011010110011101000101011 00000000000000000000000000
001011100010101101011001000010111000011000111100011110101100 00000000000000000000000000
000110011111011101101101011110110101110100101001010110011001 00000000000000000000000000
001100001111100111011110100100111001011100111011110110110100 00000000000000000000000000
010100001100000111011100101110000010101110101100111000000000 00000000000000000000000000
000010110110100001010000011111100010000111110010100011100011 00000000000000000000000000
101001011001001010011111001010011010101110111010101101010011 00000000000000000000000000
100010100100001101100110001001011001110010010001101011001110 00000000000000000000000000
111101011011001101100101010011000111111110101001000010000001 00000000000000000000000000
101000000100010111011111001001100011111111111000010000100010 00000000000000000000000000
001111001100101010111100111100011000101001000001001111001111 00000000000000000000000000
100001101000010001101100000110111111011010011010110001111001 00000000000000000000000000
011011100101011011010001001001111110010001000100000111101001 00000000000000000000000000
001110011100001111000110010010010110111101101001011101010001 00000000000000000000000000
101000001010110101100011110000001101010010011101110101101000 00000000000000000000000000
101000011111100011001000010001110010000110110110110001001101 00000000000000000000000000
010000101101110000000000010101011111000100000000001011111001 00000000000000000000000000
110110111101011000100011000101101000011010011111110010111110 00000000000000000000000000
101011100000101101100000011010011110100010011001101000011111 00000000000000000000000000
010010000110011110110111110111001101110011010010101110110100 00000000000000000000000000
000111110111001010101001110110111011100010011100011000110011 00000000000000000000000000
011110111110000111101100001001000100110111010001000000000010 00000000000000000000000000
111000000111101110110111001000110100011001011000011101000110 00000000000000000000000000
010000101010101101100111100101001110100110110100001111111111 00000000000000000000000000
110100101000000111001101010110111000011111110011110000011111 00000000000000000000000000
100101000111111110110110101110111001100110100100011011111011 00000000000000000000000000
100000000110111010010001110110010001100000001000000000001111 00000000000000000000000000
110000111011001110011001000011111010011011011100010111001101 00000000000000000000000000
100001011010101100001111001010000011000000000100000111101100 00000000000000000000000000
101011001000001101100001111000100110010100010101001000010001 00000000000000000000000000
001111111111110011011001001000110100010011011010010110101110 00000000000000000000000000
101100011011110100001001000111101101101100001100100001011101 00000000000000000000000000
001000011111100110100011110101011110011110101100000101011010 00000000000000000000000000
111111111110001101101110010101110111001100100111001001010011 00000000000000000000000000
101000001101001111011100101110111001100000000100001000011011 00000000000000000000000000
010110101101000101110101110110011011101100001100111110001110 00000000000000000000000000
000101100010101101110101100010110011100011010100011100100010 00000000000000000000000000
110110111111110010011010000100001110011110011010000001110111 00000000000000000000000000
001111101010100111001000010111111011001111011000100111101111 00000000000000000000000000
101110011001000000100010110110001010001010111110000100100011 00000000000000000000000000
000100011010000000001110010010010111110010101100110000011101 00000000000000000000000000
100010011110101101111001011011010100101011111111001100110101 00000000000000000000000000
100110110100000011100101100111000100101011110011110010100000 00000000000000000000000000
111101101111100100100101001100100111011000101011010001011000 00000000000000000000000000
000010101100011110100011110110001010010001101000101100010110 00000000000000000000000000
010101010111000110000000100100100110100111010010110100011101 00000000000000000000000000
001011100101101010000100111111010001000001100001110101100110 00000000000000000000000000
100110111000100111101101010110101100010010000000010110110011 00000000000000000000000000
010100011011000100110001001100000100100100010011110111001011 00000000000000000000000000
101110010001100110001111001111101101101011100001010100111010 00000000000000000000000000
000010011110011111110110100011111001101011110011101110011001 00000000000000000000000000
001001011100010011010111001010110011010110110000111111101101 00000000000000000000000000
000010111000100101100001011010110000001000110101111101111110 00000000000000000000000000
000100100110001000010010111111011000001000100110110011010011 00000000000000000000000000
011110001011001101000000010100101001000101110100010100011001 00000000000000000000000000
111101110110001110110111010100110100011010111100000100001001 00000000000000000000000000
111100010001001010000110110101110011010011001101111111011101 00000000000000000000000000
001000010000001101011010110111111001101010011001110110011000 00000000000000000000000000
110000011000011110011101100111000111100001100001010011110101 00000000000000000000000000
110101000110101101111100111110001100110110100001011111000100 00000000000000000000000000
111101011101101111111010111011100001001110010001001000000001 00000000000000000000000000
000100011101110001111110100001101111000111111110111110110111 00000000000000000000000000
001001001101010010000011000101010010111101010011100101110110 00000000000000000000000000
110101001111011001010010000011101001100111110001000011111101 00000000000000000000000000
110000011010000100001011000011101011101010110101010001101001 00000000000000000000000000
100111000101110111110100011000101010010001101000110000110010 00000000000000000000000000
010110001000000100101100011011101001011011001110100100000010 00000000000000000000000000
101001111010011000001101000000100011010111001100110101100110 00000000000000000000000000
001000011101110001100011100101000010000011010000111010111010 00000000000000000000000000
111101001011101001000000001000000000101111111011000001111010 00000000000000000000000000
101011001001100010010001110100010111100101000101100000100110 00000000000000000000000000
100010000111001010010011111011001111111001010001001011000011 00000000000000000000000000
110011000111110110110001010011001010111010110010100011010011 00000000000000000000000000
000001101001100001010111010000110011011100000101111100100011 00000000000000000000000000
011111110010000111011101010110001001110101011101100001000110 00000000000000000000000000
100101000001000001110000101010011100001111000100100100001101 00000000000000000000000000
010101000100010110101010110011110000111100111000001001011000 00000000000000000000000000
111010111110100110001101001010010110001100011010110010011000 00000000000000000000000000
001001001000001011100101001101010010100000111010000001011010 00000000000000000000000000
010011000110001111010000101100000011010010110000001010110001 00000000000000000000000000
110111111000011100001101010001010111111001100100101100001110 00000000000000000000000000
000010001010001011110010011001111111100101100010011001110111 00000000000000000000000000
000000110101100100111111010100111110011110101100111110000110 00000000000000000000000000
001001010001100010010101011011100101110101111101100101110100 00000000000000000000000000
000111001101011011100001100011001110001111101000001100010110 00000000000000000000000000
000110010110100011101011101110010011111011001111111001011111 00000000000000000000000000
011000010011100100110110010011111001111111111001111100110110 00000000000000000000000000
101011000100101100101010011111100111010110001100110110001000 00000000000000000000000000
101010100100001011010110101001100101101001011111111101011000 00000000000000000000000000
101110111001000001111111101000100100010100001101001100111101 00000000000000000000000000
111010111111100111000000111011101110100101101111101101111100 00000000000000000000000000
011010111100110110100011010101111100111110111100101001100001 00000000000000000000000000
101011000001011011001010101001100101010110101001011010001010 00000000000000000000000000
100010101111000000100001110111110110100101100100011000000111 00000000000000000000000000
101011010100111110001000010011010111010011101010010001101110 00000000000000000000000000
111011101010000111001111100011111110011100001000001110110110 00000000000000000000000000
111011111011111001100000011010000011011101011001011011011100 00000000000000000000000000
001011010110010110101001000100001111111110001111101110011111 00000000000000000000000000
010000110011101111110111101010101000000000100110000011001111 00000000000000000000000000
010010110001011111011001001001110011001111111110011010110111 00000000000000000000000000
010110001100110011010000010110000010011111001010110000100010 00000000000000000000000000
010101111011010111011001111000000110110011101111111001101001 00000000000000000000000000
110100011101101001011110010011110011001110100110010100111011 00000000000000000000000000
110011000101110001010010011011110100100011110111001110110101 00000000000000000000000000
011111011111001000010100001001011000101101000010010111100110 00000000000000000000000000
101000101111001000110010011000001011111001111100001101000111 00000000000000000000000000
001101110001000100001001100101010000100011111011010011101010 00000000000000000000000000
001000100001101100111010100110111000010101111011000111000011 00000000000000000000000000
101010001111001011111111111101110101111111110111010011101101 00000000000000000000000000
001001001110010010011000001111100010110100111001000111001101 00000000000000000000000000
111110111100100100011100010000100011111000100111000111000001 00000000000000000000000000
111001110100111111111111010100000000100110001101111000010001 00000000000000000000000000
111010100100100101010001011111010000010101100010000101110010 00000000000000000000000000
010100111000101111001110000101011001010011100000101100001000 00000000000000000000000000
101001010100111101010110011110110001001011100000010101010100 00000000000000000000000000
001011111001010100111000001000100010011001101111010011010001 00000000000000000000000000
110001000101101010100000110000100101111010100010111111011011 00000000000000000000000000
111100110001110001110010111001010011001011000100010111011000 00000000000000000000000000
101000110001010001110110110110111010110100100110001110011001 00000000000000000000000000
110100011011110111001111000010110000001111110101101001001010 00000000000000000000000000
101100001101010110001110011100011010111011101010111000111000 00000000000000000000000000
111001010101101100111000111100111000101001101110111100011100 00000000000000000000000000
011100001101100110111110111110111110110000001110110101100010 00000000000000000000000000
011000101110011110000011101011110001010011101010100100000011 00000000000000000000000000
101000010011001111101010000011010010000000001000010101100011 00000000000000000000000000
110010101111100001001001011110010110000111110000101011000110 00000000000000000000000000
001001010100101111110000000010111101010001110011011101101111 00000000000000000000000000
001110101011101011010100101100000010001101101111011110100010 00000000000000000000000000
100000100001110111010100001010001101110000100111001100101000 00000000000000000000000000
111000010010111001011011010001110000000110011110000001110010 00000000000000000000000000
100110001111011011011111011101111011101011011100010100110100 00000000000000000000000000
001001111001001101100000001010110111001111110011101100010010 00000000000000000000000000
001001100001011100011010001101100100000011001011101100110001 00000000000000000000000000
101010000110001010100111110000101101100011100001101011111101 00000000000000000000000000
001111000010001000110100110000011100111000110011010110000011 00000000000000000000000000
110011011010011111001010101110100100111011000011010101000101 00000000000000000000000000
011110100000110001001001000000111100110011011001000000001000 00000000000000000000000000
001101000100000010100000101010110011111001010011110110001110 00000000000000000000000000
110011111010001010000001100110001010000110010110001001001111 00000000000000000000000000
101011111110011111101110010000100101001001001011111000100111 00000000000000000000000000
111001010010010100111001110011110011000001001101001111001000 00000000000000000000000000
011111001000011010010101110000100010100111100001000111000010 00000000000000000000000000
101001001100010001011101000111111110001011101111110001010001 00000000000000000000000000
101110000100110011001111011000010110010110100111110001011101 00000000000000000000000000
011010110001100101011000000100001011010011001111001011110110 00000000000000000000000000
001001110001101111000011111101011110111111010000011111010000 00000000000000000000000000
110111101010000010110000111100001010001100000010101100000011 00000000000000000000000000
001000110001001111101100010111011000001100011010111100111110 00000000000000000000000000
110110100111101000001010001111010000111000101001111010001001 00000000000000000000000000
100000110101011101011011101011111100100110110000111011000101 00000000000000000000000000
001010110110001000001111111100110101111110010111101100010011 00000000000000000000000000
000011010110011001001101001100000010101010011000101101111000 00000000000000000000000000
001000100010000000001100011011011000011100011010111111101100 00000000000000000000000000
010011001001100010011011101001101000111101110000010011100010 00000000000000000000000000
011011111000001100101100111101010111101110110100100100110111 00000000000000000000000000
110110101010011100100111010100010111110011101111101000110010 00000000000000000000000000
110110001011001111110101000010101011011001110110011100010111 00000000000000000000000000
111110000001100010001011001111000000101100100010010100100000 00000000000000000000000000
101011001110111010010100101001000101011011100011111111000110 00000000000000000000000000
101010101110001110111000011001101000001111001111100111010011 00000000000000000000000000
100000110110010010101000101001101110001100100001100000100101 00000000000000000000000000
000111110110001010000011010100100100000111110001000100111100 00000000000000000000000000
011111101011101111100000011010011111101010001101010000100111 00000000000000000000000000
101100011100001111111101110101101011110011111010100110010011 00000000000000000000000000
001110010101011010010100011101001001110111110000011100000011 00000000000000000000000000
101101011110000100111101000000110101111010001110101001000001 00000000000000000000000000
101100110001111001010000100011000100010000110100110110011101 00000000000000000000000000
100111001101001001110110011001000010000100000100010111000101 00000000000000000000000000
101111110100110001111110010111001011110101100010100001110001 00000000000000000000000000
110110011010011010011000011001001110110001110010101101111000 00000000000000000000000000
000111001110001110101111011011001001000010001010110000011111 00000000000000000000000000
001010011001011111010110101101100111111011100100000010110110 00000000000000000000000000
001100011001010100111111111000111001111111001110011111110010 00000000000000000000000000
101110000011100011010111100110101110001001010000010011000111 00000000000000000000000000
010110010001111011010001010011011000010111010110010100100101 00000000000000000000000000
111111011100011001001001110011010101101010001011000111111111 00000000000000000000000000
110101110000110011000101010010101110100110101111111111101000 00000000000000000000000000
011110001010001000100101111010111011101001110000011101001001 00000000000000000000000000
011000111110001010111000010101000010001011000011000111001111 00000000000000000000000000
000101010000100101000101110101000001101101100010001000001010 00000000000000000000000000
011101101000000000101110110100000110001011101110001110111001 00000000000000000000000000
010000111000011110011110100111100100100000101101100011110100 00000000000000000000000000
000000101110101111010110001100101111001010011101110000011011 00000000000000000000000000
011100110010101010110011010110001000111001011001100101011101 00000000000000000000000000
111010110110000001111001110101011000010101011010110111010100 00000000000000000000000000
110010100111110000111111010011100110000011000010100001001011 00000000000000000000000000
010101111101101101000100011000100110110010100101101100111111 00000000000000000000000000
010010101110101001110110111101100100110111100111011100001111 00000000000000000000000000
110000010101100111100001001101110110000111101101110010111111 00000000000000000000000000
111110011110001011011010110000001110000101001011111100010001 00000000000000000000000000
101001100000111110110000101110100011110010010001010101111111 00000000000000000000000000
100000101101010011001011111100000001000001110100100000101011 00000000000000000000000000
001110101000101000010111101011000101011010010011000111010011 00000000000000000000000000
100110100011111001111101111111111111001011001101011011001110 00000000000000000000000000
111010111110011101111010000100111110011101010101100000111001 00000000000000000000000000
000000101100001000110001010110101101000110111101101111011011 00000000000000000000000000
110111011111110101110001011010010001010100001111101110001101 00000000000000000000000000
001011111011011011000111001110111000010101111110011011011010 00000000000000000000000000
100010100001110100011101110001110100010110010111111111101101 00000000000000000000000000
111111001001100001101100110001001110011101000101101011010111 00000000000000000000000000
001111001110100101101001111001011100111011001100010011010101 00000000000000000000000000
000001110001100110110101001100101101111101111101101101110100 00000000000000000000000000
011111101001111110110010011000000001110110110111110010001001 00000000000000000000000000
110111010110110001101000011100111001111001001000000111001101 00000000000000000000000000
100101100101101010100010100010110011101001110000110111110010 00000000000000000000000000
011100011111101011001000000001001011001010111110011100000010 00000000000000000000000000
001001111111111000110101110011001000001111110001100010110110 00000000000000000000000000
100111111111101111110111011011001100000001010111001010010001 00000000000000000000000000
110100010010011001011100010001110111110001101111011100000110 00000000000000000000000000
000101001000010101111101110001010010000001000101010101100001 00000000000000000000000000
011011101101010100100101101000001111001110101001110111000010 00000000000000000000000000
011100010010011010001101100111010101001100111110101111000011 00000000000000000000000000
010011010100000010110000010010100011111111001001111101100000 00000000000000000000000000
001100000111111001001111111000100001001001011101110101001001 00000000000000000000000000
110010001100001100101111101110101011111000010011011110110111 00000000000000000000000000
100101010001011000100000101011011000110010110000111001001001 00000000000000000000000000
100111100111001111111000110101000111010011010100100000001110 00000000000000000000000000
100111000000110010011011100100110100110111011000101011000000 00000000000000000000000000
010100100001101001110111110100000001101101101101001100010110 00000000000000000000000000
000101001101101110001111001011001110010111111101111100111011 00000000000000000000000000
001110100000111101001111001110011000001101000111110111110010 00000000000000000000000000
101000010011111011110000010011001010111000110111010111110100 00000000000000000000000000
110101111111011000110010100001000111110100101000101110001000 00000000000000000000000000
110000011000111001010011110100001010111100110010000111001000 00000000000000000000000000
100110100100001011110101110101111010001000000011011100001110 00000000000000000000000000
001000101110101010111000110110110001110101101000100110000111 00000000000000000000000000
101111001100010001101110000110000000111101110111001001011100 00000000000000000000000000
101000000110100001110101000100001010001010111110100010101011 00000000000000000000000000
101010110000101101011011011111101110000111011011111011100000 00000000000000000000000000
011110011101100101110000001111111000110010101010100010110001 00000000000000000000000000
011001111110011010011000111000000100111011111010110000101100 00000000000000000000000000
100111001110110001111100000010011101100001101101101101101001 00000000000000000000000000
100000111000010111011101100100011011111111111110010010010001 00000000000000000000000000
010010010101001000000110111011000000100111101101110001000100 00000000000000000000000000
000110101100111001000001011100111100001100010100001100011000 00000000000000000000000000
001000101101101101000101110100101011101010000100101000100110 00000000000000000000000000
011100010010011011111110110100111101110010010100001001010111 00000000000000000000000000
110001110010000011001001011101000111000110100100010001010101 00000000000000000000000000
011100011101001100100110010110100011110110111001011011101010 00000000000000000000000000
101110010011101011111101101001110010010101100001001001110111 00000000000000000000000000
000111111111101110101001000010101010010111100110010111011101 00000000000000000000000000
100100101000001101100011101111011010111010100011101111101011 00000000000000000000000000
001010001010000110001100110000000100010111000111110010010101 00000000000000000000000000
101000000101001011001011100010111101010000110110001100010000 00000000000000000000000000
110000001001001110111011111111001011010011001101011100111111 00000000000000000000000000
010111100010100110000010010101011110001111111001111111010011 00000000000000000000000000
100011110101101101011101111010111100100100111001011010101100 00000000000000000000000000
010110101101011000101000000111011100000101100011001110000100 00000000000000000000000000
011101100010001110001100000111100010011000101011011111001111 00000000000000000000000000
001000110001111111001100111000010101010100010101110011100010 00000000000000000000000000
010100010100000000010011001011110111110111000000110101100100 00000000000000000000000000
011011001000000011100100110001010011110001110001110110010111 00000000000000000000000000
000111011110111111101100010001100111100100011101110111010000 00000000000000000000000000
011010010000100100000010101001001010011100010001101011011111 00000000000000000000000000
100001111101110000110000101100011101111000101100100000100000 00000000000000000000000000
100000010111101100010001010100011001001000101101101000110110 00000000000000000000000000
010110101010110001001100010011010110101110101010110111111001 00000000000000000000000000
101010011100011010010101001111000110011110000000101110101100 00000000000000000000000000
110101111111001001000100110110101000010111111010010010010100 00000000000000000000000000
000000000100110101101011100111111011000100110100111101011111 00000000000000000000000000
111010001101100010110101010010101101110100100010100111000111 00000000000000000000000000
100101010011100001110111100101110000110111110101111111101101 00000000000000000000000000
001100111011000000010100110011001011011110011101001000110101 00000000000000000000000000
011011011110010110111101110100110111011011011010111001101000 00000000000000000000000000
111101111011100110101010010011010001110100001110011001100110 00000000000000000000000000
011110010111000101001001100111000100011000110100111110000000 00000000000000000000000000
001001000011100101000111101000000110101110101100100100110101 00000000000000000000000000
100111000101001111110000010000110110111010110110101100001010 00000000000000000000000000
010110010111011000001011000000010101111010110110001101101011 00000000000000000000000000
010011011110011001111000001100000111110010011000101010110000 00000000000000000000000000
111110100011001000010001010000110001100101011010011011011001 00000000000000000000000000
100101011111011000001011011100110111100011001100110100101000 00000000000000000000000000
011011101010000011011111101110111101000011101001111000001100 00000000000000000000000000
100111101101001001100111011100000101000011101101100011100111 00000000000000000000000000
100010101000100101011011011011100110000111000010101111110001 00000000000000000000000000
010011000100001001100101011100100011010100110101010000011011 00000000000000000000000000
010011001000001111011010111111110100101001001000001111110100 00000000000000000000000000
010100110001010110011100101010001110111000001010011110000000 00000000000000000000000000
010100101111010110100101000111011011110010010111110110111010 00000000000000000000000000
110000010100110101100011011010111001101101111011111111100000 00000000000000000000000000
001001110110010110101100111011001000000011101000011110001101 00000000000000000000000000
111110110001110110100111100000010001000100000010110100100110 00000000000000000000000000
011000101011100110101110000001101101100001010111100100101011 00000000000000000000000000
000110111101111100111000000010111011100011010101100101110111 00000000000000000000000000
010111000110111100000111101100100000010001011111001111011111 00000000000000000000000000
000100101010010111011001110110100111001000000000010011010110 00000000000000000000000000
100101000001110000001011111000011111101100001001111010010100 00000000000000000000000000
010101011100110100011011101111101111111010011100001101101011 00000000000000000000000000
011011001110000010011110100010001000100001101000100001111001 00000000000000000000000000
000100101000100101010001100100111110000010001100100111011100 00000000000000000000000000
001110001000111011100111000111001001100101110101111001011011 00000000000000000000000000
010000010001101001111110011000010010101100100001000010000111 00000000000000000000000000
010000110010101011111111000001001011000010100001011111101111 00000000000000000000000000
010011100011100110110110010001110110110100111110010000111010 00000000000000000000000000
101001111011001110011000111000111001011100100110011000010100 00000000000000000000000000
110100010100001010010011000011011001111001110010100100010110 00000000000000000000000000
101010001110101111001000010101110101100100010110111101110101 00000000000000000000000000
111011100001000100110000000000100101010100000101110001101110 00000000000000000000000000
110100110100101011111010110100111110001001110000010110011001 00000000000000000000000000
111101110010010100001001000010101100111101011011011110101100 00000000000000000000000000
001001111111111010111111110000111011001100111011100000011000 00000000000000000000000000
011001000100111101010100001100010100101110010110100110101110 00000000000000000000000000
011010000000001000111111011101011010001001011001101000101000 00000000000000000000000000
101000111010011010000110001000000011100010010010011100010111 00000000000000000000000000
100001011100101111000111110011000010110100001000100011111000 00000000000000000000000000
000011011000110011011011011111101000011000011001000110111011 00000000000000000000000000
111110001000101110010011111010110011010000011001001111100010 00000000000000000000000000
101110100100010010001111000111101001111011111101001111000011 00000000000000000000000000
100110010111101011110110100110111100011011101011010010000111 00000000000000000000000000
010101000010101010110001010100111100111010000110011100111100 00000000000000000000000000
111110101111110010001011000101101110011000100000010110111011 00000000000000000000000000
110000111110100011010011011110110101100111100011010001001000 00000000000000000000000000
010110000001100111111101100010110100011111111111100100001010 00000000000000000000000000
100001000110101100001011101110001111011111111100000110010000 00000000000000000000000000
001110000000101111110000111011000110001001001011011011001100 00000000000000000000000000
110000100011001001000110001110011001010101111000000110000100 00000000000000000000000000
010110100001110101001101100101100100011001100001101110101011 00000000000000000000000000
110010000100001111011010100010100000000101011111000101100001 00000000000000000000000000
100100111011111110010111011111000000100001000011001110011011 00000000000000000000000000
110000011100000100110001011010111110001111110111101000111000 00000000000000000000000000
110111100111111100100011001011011100010000011110011100000110 00000000000000000000000000
001011011100010110111111110011001000010011010111111000010010 00000000000000000000000000
000111011000000001010000100010010101011111010000010010101100 00000000000000000000000000
111000001001101011110100011111011001000000001101111011011111 00000000000000000000000000
110011101010110111001100000000110000101100110001110000111001 00000000000000000000000000
111101111011101100001110110111000001111100111001110101100010 00000000000000000000000000
101001001101111101111100000110011110110010010100111000011110 00000000000000000000000000
011101101100010000110101110001111001110110100010000110011000 00000000000000000000000000
011111111110010010110100011111000100110011100011011100111111 00000000000000000000000000
011111011011011011000011010001111100111001000110111101000111 00000000000000000000000000
000101010101101000110010011110001001001101010000011100000110 00000000000000000000000000
010000111111011110101100000100100101000101111100111111111101 00000000000000000000000000
000001100001010100000111001001000110110010110111011000011100 00000000000000000000000000
101100111011101100000101010001001110011010001101001000111000 00000000000000000000000000
100101111000101110001000011011000011011101011011011001011110 00000000000000000000000000
101001010100010001101101000100000110111000010110011001110011 00000000000000000000000000
010011101111111011000101100001000010001110110011100011111010 00000000000000000000000000
111000000010000111110111011010000111101001110101100110001001 00000000000000000000000000
110101101111100111101101000011100101011001011111000000101100 00000000000000000000000000
000110000000100111100100000001011101000010101111101100001101 00000000000000000000000000
010011010011011011010011010000110011011011000111111010101101 00000000000000000000000000
000010000000100000001101110111110101011010111110000100110111 00000000000000000000000000
000001000011001001001001111011101011110001010111011001011011 00000000000000000000000000
111000001000001010101101111111010110110101101000001000011001 00000000000000000000000000
100110010100000101010000001100010110101100000001011011010010 00000000000000000000000000
010110000100001110111000110101011000100001111001010011011111 00000000000000000000000000
010101010011110101011111100011011111110100000100101000110000 00000000000000000000000000
000111001100010000011101011101101111100000100110000100100010 00000000000000000000000000
011100111001110110010010111000001000111000010001001111110010 00000000000000000000000000
101111101101000011100010110010110001000110111011110001001001 00000000000000000000000000
000111111110000010101100110001101000101001101100001110010000 00000000000000000000000000
101100110110000001101101001001101011011110101000000001001110 00000000000000000000000000
000010010111011000001101000101011010100110001101011100001001 00000000000000000000000000
001011001101111000011001110001001101110000101110111000011111 00000000000000000000000000
000000111110111100000101110100100101100110010110010101001101 00000000000000000000000000
110001101011000011100011000110101000100100010110010100101000 00000000000000000000000000
011010110101000010000100100000110101110011010001110101001010 00000000000000000000000000
101110110001111100111010110101110110101110111101001100100010 00000000000000000000000000
111101101101000011011110010010100100001001101111011010011101 00000000000000000000000000
010010111011011100110001010001111100011101100001101001110011 00000000000000000000000000
011111000001110001001101110100100011110000111001101001111001 00000000000000000000000000
010000011011011110100100101100000110111111101001010111001110 00000000000000000000000000
001010000000010001110100000100100001110100111010101001000100 00000000000000000000000000
101110111000101111100010011010100010011010111100011000100001 00000000000000000000000000
110100001011100110000100000101111111100111000101001000100001 00000000000000000000000000
111101100111110000000110001101100011010011001011010110010111 00000000000000000000000000
100100111110111000011000100111101100100100110000101111100000 00000000000000000000000000
011010111101111101101110111101000100111011001100101110010100 00000000000000000000000000
000101111100111110000110001010111011101101111100100010000000 00000000000000000000000000
011110011101100001000101001100110100111100101111111110101111 00000000000000000000000000
111001001010000001001111001101100000001100111010010110111001 00000000000000000000000000
011001100001110100000000111000000011001011001001100110000010 00000000000000000000000000
011100001010011101111110011010100100011110011110101101010100 00000000000000000000000000
001011110011101110111100001110010101011101111011100101101101 00000000000000000000000000
101111101110100011000000111111001101101101110101100100100001 00000000000000000000000000
000001101111110110101010010100111010100100011110001111101011 00000000000000000000000000
111110101010001001100001001110101001101001011001110101001000 00000000000000000000000000
111000110110000000010010101101011101100001011110110100010111 00000000000000000000000000
111010101001110100001010011111000001000001101001001011011010 00000000000000000000000000
110001111110110010001000100011101101100100111010101001110101 00000000000000000000000000
010110001111010100010100110100011001111011011001110001110111 00000000000000000000000000
010001100111010101011101011111100111100111100000110000010000 00000000000000000000000000
110011000000101001000111110101001001010110110101001010110010 00000000000000000000000000
110001110000000110001101000000101110111010110110010111011110 00000000000000000000000000
101000001010000101101001111100011100111110101010011101101011 00000000000000000000000000
100110011101001001000001011100010010111101001010110010110001 00000000000000000000000000
110001010001110111111011010111011111100001111011110110001101 00000000000000000000000000
100001110010110111010000000000111111101111010000000100111111 00000000000000000000000000
011110111000011011110101010010000101010101000111110111001100 00000000000000000000000000
010010010011111111110001111010101010110111110000001000011101 00000000000000000000000000
010001110111000111011111101100101101011010000100101111101001 00000000000000000000000000
010000010100000100101010001111101100011101110100000110010101 00000000000000000000000000
101110111000110111001110100011011000110001111110011001001011 00000000000000000000000000
110111111011110010111010101010110000001100010111101111001101 00000000000000000000000000
100011011100110000101010100111110011111101101100110000000110 00000000000000000000000000
001101000111111110101010100111000101001101000011010010000000 00000000000000000000000000
001011000100101111110111001001110001000000111001000000100111 00000000000000000000000000
100110111001110101001110100000110010100010000110011000001111 00000000000000000000000000
101011000011111110010101010011000111100111001000100101100101 00000000000000000000000000
000000000010001011101001100011100011111101000111010010000000 00000000000000000000000000
001010000000111000001011110000001111000000101000101100001000 00000000000000000000000000
100100110100010011011100010100101010001111111011100111111011 00000000000000000000000000
111001001011011111011001001101111001111111101111010001001001 00000000000000000000000000
111001100100110101011111000101101011001000101110111001010100 00000000000000000000000000
000111110101101111100111111101110011001110110000101010000110 00000000000000000000000000
110001110110001010010100000000100101100011011001110010010111 00000000000000000000000000
101001101101111100011000101011110110000001000011001111001101 00000000000000000000000000
100111100001111011001111011011101011011010011101101011100110 00000000000000000000000000
110110010101101101010000101010000101001000010011100000000100 00000000000000000000000000
110011111100101001101100000101100000101110110011011110001011 00000000000000000000000000
