001011011100001100010100011000101110001010110011110101110110 00000000000000000000000000
111001111011111100111110111101000001100100011111001100001010 00000000000000000000000000
100001101010110111110011001001000000100110110100111101100010 00000000000000000000000000
011001100010001001011011000010101000010011100010000000110000 00000000000000000000000000
010001101111101000110111111011100011111001001110000101100000 00000000000000000000000000
111001110001001100001001011011101000001000110101110100000111 00000000000000000000000000
110101101100111010010000001001000010011111011010001001110110 00000000000000000000000000
100010111011110110100010011001101100010001101111100011000001 00000000000000000000000000
101110000000010010011010001000000010000010100001000111011100 00000000000000000000000000
100000000010110110001100100100100100001101100111000110001011 00000000000000000000000000
011111110101011010010100111011100110111100010101001110111111 00000000000000000000000000
011101110111010001001111111100010001101000001110011011101011 00000000000000000000000000
101100000111011100000001101011010100111010110110101101010000 00000000000000000000000000
001000111101111101001100100010001101101011010011110110101000 00000000000000000000000000
101000010100000101101111110001110000101101000001010010100110 00000000000000000000000000
010000010010011000011011001001101111111001101011010001110100 00000000000000000000000000
111000000000100010001000001101011100110011001110110101110100 00000000000000000000000000
110000001100011010000100100111110110101110000101010010101110 00000000000000000000000000
000101000110110110110101001110001001001011111110000001011101 00000000000000000000000000
010100100111001000001110011110011011110100111011100011101011 00000000000000000000000000
100010001100011110101111101111001111100110101101011111010100 00000000000000000000000000
010000000110110101010000011010001111111001001100011110101100 00000000000000000000000000
100000011010101100111001001011110010010000011011001010101100 00000000000000000000000000
111101001101111010001010010101011011101110011101000111110011 00000000000000000000000000
001000100110011111010101001110110001001110110010001010101110 00000000000000000000000000
010010010110010010000001101011110001101001000110110101111001 00000000000000000000000000
001000010011101100000000110100000011000000101110110000011000 00000000000000000000000000
110110010100000010010010100111101000010010111111001111001000 00000000000000000000000000
011111110001111011011111011011111000000110101011010001111100 00000000000000000000000000
110001000101111100011110100010100101110110000100001111011111 00000000000000000000000000
000000110001000000100100011001110110011110101110000101111100 00000000000000000000000000
011111101101111110111000101111101011010100001110001000000011 00000000000000000000000000
000111110111111110110111101000101001011110000111010110001001 00000000000000000000000000
000000010100001001110001110011101000000100101000101000010011 00000000000000000000000000
111110001100100111111111111101101101011000010001000110101000 00000000000000000000000000
100110011111011000000001010011011100000101101110011001010110 00000000000000000000000000
001110011110111010110010001111111111001110100011100010000011 00000000000000000000000000
101100001010010100001000011110011111010100001110100001110001 00000000000000000000000000
011010010010011001001100000000011000000001111010100101100111 00000000000000000000000000
001001101110101111111001010010010110011000001000111000011001 00000000000000000000000000
000110101110111111001111011101011101000111111101000101101001 00000000000000000000000000
111101111101100010011010101101111010001001110101001000000110 00000000000000000000000000
100010010011101101100111111011110011000100000101100111010010 00000000000000000000000000
101111110011011110000000111011110111001110010011000100000011 00000000000000000000000000
111000111100111111101100001001000101100011110101000110000111 00000000000000000000000000
000110011000011000110100010100010000101010110111010011110111 00000000000000000000000000
010000001011100100000110100101101111010001110000110111100100 00000000000000000000000000
111010101001101111101000001011011110111111100001010100000100 00000000000000000000000000
111010110001000100000100110010000111011100010001110100100101 00000000000000000000000000
000100111000011100010000111111100111101111010001010010110100 00000000000000000000000000
100110111010010111000010101100010101101100000010001100111011 00000000000000000000000000
000011011100010100001111111011101000100001110000001010111111 00000000000000000000000000
011010011101011010101001110010011111000100101010100000110001 00000000000000000000000000
001001100000010001111010111011110101111100111111110110101000 00000000000000000000000000
000000110101010110111100011110000101100000100100111111110110 00000000000000000000000000
110111001110011011011000100111001000111100000111100000110111 00000000000000000000000000
110000110010101100010101110010101001111101111111001011001000 00000000000000000000000000
001011001110110001001011111100011110110110101110101100000111 00000000000000000000000000
010000011101100110100010110010101100010001101111101011001101 00000000000000000000000000
000010001100010110011010001001101111001010011111001110111010 00000000000000000000000000
011010010010000001000110011101101110111001000010011100101000 00000000000000000000000000
000110010010001000111000011000000100010011010100011011101001 00000000000000000000000000
011110001001010010010011001110000001101010011010100110101000 00000000000000000000000000
101111100011111000101101111101010101110000111100010110010000 00000000000000000000000000
100001110011010001001000110011110110010100001110011101001100 00000000000000000000000000
010010111111110111010111101001101110110111110101001101010000 00000000000000000000000000
111110110111100111100100000010110000111110101100101101010111 00000000000000000000000000
000000100010101000110110001011010001111101001110111001101010 00000000000000000000000000
010100010011111110101110000111011011101100000011100111100111 00000000000000000000000000
111110010100010010011101111110000110101000001111010110000101 00000000000000000000000000
000000000000010110110011110110101111101101001100101100110110 00000000000000000000000000
001110010000001101110110000100000110101010111011001000100101 00000000000000000000000000
101011010011000011110001010110011100100110000100110000100100 00000000000000000000000000
001101000011000100111100010111110000001000011001101101110001 00000000000000000000000000
110101001110001110000111000100101111100011010011001101010001 00000000000000000000000000
111111101111100100010000011010011101111011101001110101000010 00000000000000000000000000
011010101110011101111011111111010110111100000000000101000000 00000000000000000000000000
101001000110001100100001101010000110110110000010011111100101 00000000000000000000000000
110111001000010110001100111000011000001111000111100000111001 00000000000000000000000000
101010111010101011111001001001000101100000110010110000000001 00000000000000000000000000
011000100000010100110000011110101000100011101111011110001011 00000000000000000000000000
010010111110101000010000010010001001110110000110101000001011 00000000000000000000000000
101000000110111100000011011001011000000100010111011011100110 00000000000000000000000000
110100111001101100001001101101011001100101101011011000111111 00000000000000000000000000
111000100011111101100010110111100011101111101111000111010000 00000000000000000000000000
110001110111100000000010000000010100000111110100101001101111 00000000000000000000000000
001011100001111011111010011110111101101100101000111101101000 00000000000000000000000000
111000000111001101001011010100100101001000011101110000001010 00000000000000000000000000
110101000110010110100110100100101110011011111100001110110001 00000000000000000000000000
001011000010111010100010111110100100011111110110100011000000 00000000000000000000000000
101111001001110010001010010101011110101001001110111100110000 00000000000000000000000000
000111001110011100000111110101001011100110000101001011100001 00000000000000000000000000
101101100101001000100111000110001011000000000111001010001010 00000000000000000000000000
101000010011011110011000101110000111100000110110110000111000 00000000000000000000000000
101111111100010001101111000111001001111111101010100010010010 00000000000000000000000000
111111011001101000100110010101100010001001100101111010110100 00000000000000000000000000
000111110010010001101101101010000011001111100011011000100101 00000000000000000000000000
110001000010110000111110111101101111110011011100111000100011 00000000000000000000000000
011111010010010000011100000000100110001110011010110110110001 00000000000000000000000000
101101010101110000111101010001011011110111001111100110010100 00000000000000000000000000
